2019-04-16 06:03:15 => stdClass::__set_state(array(
   'file' => 'D:\\htdocs\\study\\Framework\\cli.php',
   'line' => 18,
   'function' => '__destruct',
   'class' => 'Controller\\Base',
   'object' => 
  stdClass::__set_state(array(
  )),
   'type' => '->',
   'args' => 
  array (
  ),
   'time' => 1555394596,
))
2019-04-16 06:03:26 => stdClass::__set_state(array(
   'file' => 'D:\\htdocs\\study\\Framework\\cli.php',
   'line' => 18,
   'function' => '__destruct',
   'class' => 'Controller\\Base',
   'object' => 
  stdClass::__set_state(array(
  )),
   'type' => '->',
   'args' => 
  array (
  ),
   'time' => 1555394608,
))
2019-04-16 06:47:40 => stdClass::__set_state(array(
   'file' => '/data/www/study/Framework/index.php',
   'line' => 16,
   'function' => '__destruct',
   'class' => 'Controller\\Base',
   'object' => 
  stdClass::__set_state(array(
  )),
   'type' => '->',
   'args' => 
  array (
  ),
   'time' => 1555397260,
))
2019-04-22 05:52:42 => stdClass::__set_state(array(
   'file' => 'D:\\htdocs\\study\\Framework\\cli.php',
   'line' => 18,
   'function' => '__destruct',
   'class' => 'Controller\\Base',
   'object' => 
  stdClass::__set_state(array(
  )),
   'type' => '->',
   'args' => 
  array (
  ),
   'time' => 1555554026,
))
2019-04-22 05:52:42 => stdClass::__set_state(array(
   'file' => 'D:\\htdocs\\study\\Framework\\cli.php',
   'line' => 18,
   'function' => '__destruct',
   'class' => 'Controller\\Base',
   'object' => 
  stdClass::__set_state(array(
  )),
   'type' => '->',
   'args' => 
  array (
  ),
   'time' => 1555554040,
))
